<?xml version="1.0" encoding="UTF-8"?>
<testsuite xmlns:xsi="http://www.w3.org/2001/XMLSchema-instance" xsi:noNamespaceSchemaLocation="https://maven.apache.org/surefire/maven-surefire-plugin/xsd/surefire-test-report-3.0.xsd" version="3.0" name="com.mt.TestController" time="1.085" tests="1" errors="0" skipped="0" failures="0">
  <properties>
[...]
</properties>
  <testcase name="testCreateSignupFormInvalidUser" classname="com.mt.TestController" time="0.883">
    <system-err><![CDATA[Apr 23, 2023 11:06:58 AM org.springframework.web.servlet.handler.AbstractHandlerMethodMapping$MappingRegistry register
INFO: Mapped "{[/],methods=[GET]}" onto public java.lang.String com.mt.HelloWorldController.hello(org.springframework.ui.ModelMap)
Apr 23, 2023 11:06:58 AM org.springframework.web.servlet.mvc.method.annotation.RequestMappingHandlerAdapter initControllerAdviceCache
INFO: Looking for @ControllerAdvice: org.springframework.test.web.servlet.setup.StubWebApplicationContext@1ce92674
Apr 23, 2023 11:06:58 AM org.springframework.mock.web.MockServletContext log
INFO: Initializing Spring FrameworkServlet ''
Apr 23, 2023 11:06:58 AM org.springframework.web.servlet.FrameworkServlet initServletBean
INFO: FrameworkServlet '': initialization started
Apr 23, 2023 11:06:58 AM org.springframework.web.servlet.FrameworkServlet initServletBean
INFO: FrameworkServlet '': initialization completed in 14 ms
]]></system-err>
  </testcase>
</testsuite>